a=0.5
H2.dmc  series 8  -30.139963 +/- 0.047844   330.557903 +/- 3.052217   10.9674 
a=0.5067114093959731
H2.dmc  series 8  -30.207360 +/- 0.041378   325.588026 +/- 4.279948   10.7784 
a=0.5134228187919463
H2.dmc  series 8  -30.300274 +/- 0.051966   331.740345 +/- 3.121419   10.9484 
a=0.5201342281879194
H2.dmc  series 8  -30.411617 +/- 0.040890   323.766141 +/- 3.116423   10.6461 
a=0.5268456375838926
H2.dmc  series 8  -30.542889 +/- 0.044997   313.899836 +/- 3.280423   10.2773 
a=0.5335570469798657
H2.dmc  series 8  -30.619250 +/- 0.047699   312.638537 +/- 4.635608   10.2105 
a=0.5402684563758389
H2.dmc  series 8  -30.759693 +/- 0.049762   305.520114 +/- 3.223262   9.9325 
a=0.5469798657718121
H2.dmc  series 8  -30.780655 +/- 0.044767   304.622985 +/- 3.592554   9.8966 
a=0.5536912751677853
H2.dmc  series 8  -31.024835 +/- 0.044759   306.659560 +/- 3.003710   9.8843 
a=0.5604026845637584
H2.dmc  series 8  -31.040834 +/- 0.043820   293.692103 +/- 3.441979   9.4615 
a=0.5671140939597316
H2.dmc  series 8  -31.125418 +/- 0.042961   291.523732 +/- 3.986251   9.3661 
a=0.5738255033557047
H2.dmc  series 8  -31.167466 +/- 0.049192   291.362205 +/- 3.972763   9.3483 
a=0.5805369127516778
H2.dmc  series 8  -31.299357 +/- 0.043169   293.294929 +/- 3.911902   9.3706 
a=0.587248322147651
H2.dmc  series 8  -31.310735 +/- 0.042862   280.706311 +/- 2.822499   8.9652 
a=0.5939597315436241
H2.dmc  series 8  -31.454701 +/- 0.042896   290.692761 +/- 3.851223   9.2416 
a=0.6006711409395973
H2.dmc  series 8  -31.516582 +/- 0.043708   278.139543 +/- 3.787154   8.8252 
a=0.6073825503355704
H2.dmc  series 8  -31.587995 +/- 0.047495   281.797290 +/- 3.678582   8.9210 
a=0.6140939597315436
H2.dmc  series 8  -31.560002 +/- 0.055900   270.942138 +/- 2.586747   8.5850 
a=0.6208053691275168
H2.dmc  series 8  -31.593295 +/- 0.038283   265.827547 +/- 3.939890   8.4140 
a=0.62751677852349
H2.dmc  series 8  -31.703490 +/- 0.044229   268.507091 +/- 3.556278   8.4693 
a=0.6342281879194631
H2.dmc  series 8  -31.707242 +/- 0.040203   265.886553 +/- 3.040805   8.3857 
a=0.6409395973154363
H2.dmc  series 8  -31.719129 +/- 0.041489   256.111467 +/- 2.779209   8.0744 
a=0.6476510067114094
H2.dmc  series 8  -31.785718 +/- 0.039922   261.055667 +/- 4.478858   8.2130 
a=0.6543624161073825
H2.dmc  series 8  -31.706817 +/- 0.046722   256.731728 +/- 3.459151   8.0971 
a=0.6610738255033557
H2.dmc  series 8  -31.853482 +/- 0.040320   261.132316 +/- 3.180903   8.1979 
a=0.6677852348993288
H2.dmc  series 8  -31.866310 +/- 0.046380   253.134579 +/- 3.539901   7.9436 
a=0.674496644295302
H2.dmc  series 8  -31.837639 +/- 0.045162   247.631707 +/- 4.784247   7.7780 
a=0.6812080536912751
H2.dmc  series 8  -31.855624 +/- 0.043684   242.344783 +/- 4.481290   7.6076 
a=0.6879194630872483
H2.dmc  series 8  -31.971774 +/- 0.044519   249.819783 +/- 2.968123   7.8138 
a=0.6946308724832215
H2.dmc  series 8  -31.967335 +/- 0.041903   246.914408 +/- 2.658556   7.7240 
a=0.7013422818791946
H2.dmc  series 8  -31.939533 +/- 0.051064   241.285642 +/- 3.576150   7.5545 
a=0.7080536912751678
H2.dmc  series 8  -31.880493 +/- 0.038390   233.545159 +/- 2.858545   7.3256 
a=0.714765100671141
H2.dmc  series 8  -31.958999 +/- 0.040815   232.652289 +/- 3.091012   7.2797 
a=0.7214765100671141
H2.dmc  series 8  -31.955194 +/- 0.043134   239.652112 +/- 3.379531   7.4996 
a=0.7281879194630873
H2.dmc  series 8  -31.979960 +/- 0.037650   232.837429 +/- 3.454177   7.2807 
a=0.7348993288590604
H2.dmc  series 8  -31.978909 +/- 0.042391   225.956212 +/- 3.266360   7.0658 
a=0.7416107382550335
H2.dmc  series 8  -31.974251 +/- 0.041017   229.032753 +/- 3.213830   7.1630 
a=0.7483221476510067
H2.dmc  series 8  -31.960163 +/- 0.046976   228.693453 +/- 3.178921   7.1556 
a=0.7550335570469799
H2.dmc  series 8  -31.992611 +/- 0.035597   229.278974 +/- 4.377865   7.1666 
a=0.761744966442953
H2.dmc  series 8  -31.983882 +/- 0.037097   227.242726 +/- 4.050403   7.1049 
a=0.7684563758389262
H2.dmc  series 8  -31.959701 +/- 0.039334   221.074291 +/- 3.617047   6.9173 
a=0.7751677852348993
H2.dmc  series 8  -31.923681 +/- 0.037205   216.370232 +/- 2.750218   6.7777 
a=0.7818791946308725
H2.dmc  series 8  -32.001374 +/- 0.041112   219.315507 +/- 3.991322   6.8533 
a=0.7885906040268456
H2.dmc  series 8  -31.956443 +/- 0.035954   216.073873 +/- 2.812854   6.7615 
a=0.7953020134228188
H2.dmc  series 8  -31.924400 +/- 0.052732   219.435118 +/- 3.253233   6.8736 
a=0.802013422818792
H2.dmc  series 8  -31.861576 +/- 0.041931   210.605937 +/- 2.746954   6.6100 
a=0.8087248322147651
H2.dmc  series 8  -31.875274 +/- 0.042849   214.439912 +/- 3.201312   6.7275 
a=0.8154362416107382
H2.dmc  series 8  -31.857417 +/- 0.042337   213.271176 +/- 2.991646   6.6946 
a=0.8221476510067114
H2.dmc  series 8  -31.825546 +/- 0.037258   212.261864 +/- 2.504680   6.6695 
a=0.8288590604026845
H2.dmc  series 8  -31.877698 +/- 0.039429   210.149547 +/- 3.490055   6.5924 
a=0.8355704697986577
H2.dmc  series 8  -31.755194 +/- 0.036407   204.864723 +/- 3.025496   6.4514 
a=0.8422818791946309
H2.dmc  series 8  -31.835149 +/- 0.047444   217.074321 +/- 3.350711   6.8187 
a=0.848993288590604
H2.dmc  series 8  -31.719256 +/- 0.039307   200.511666 +/- 2.699403   6.3214 
a=0.8557046979865772
H2.dmc  series 8  -31.729876 +/- 0.073068   201.436223 +/- 3.555118   6.3485 
a=0.8624161073825503
H2.dmc  series 8  -31.739635 +/- 0.033237   203.527915 +/- 2.632147   6.4124 
a=0.8691275167785235
H2.dmc  series 8  -31.721803 +/- 0.040882   202.942566 +/- 3.408321   6.3976 
a=0.8758389261744967
H2.dmc  series 8  -31.717496 +/- 0.043662   203.064104 +/- 3.308483   6.4023 
a=0.8825503355704698
H2.dmc  series 8  -31.699058 +/- 0.038687   201.703790 +/- 3.349243   6.3631 
a=0.889261744966443
H2.dmc  series 8  -31.659302 +/- 0.038156   197.197710 +/- 2.488962   6.2287 
a=0.8959731543624161
H2.dmc  series 8  -31.616538 +/- 0.036976   200.380860 +/- 3.022845   6.3378 
a=0.9026845637583892
H2.dmc  series 8  -31.553542 +/- 0.036611   196.429170 +/- 3.007287   6.2253 
a=0.9093959731543624
H2.dmc  series 8  -31.558103 +/- 0.043018   194.217017 +/- 3.202971   6.1543 
a=0.9161073825503356
H2.dmc  series 8  -31.589505 +/- 0.049709   203.182731 +/- 2.810995   6.4320 
a=0.9228187919463087
H2.dmc  series 8  -31.550127 +/- 0.035831   193.466560 +/- 3.459821   6.1320 
a=0.9295302013422819
H2.dmc  series 8  -31.448104 +/- 0.044858   184.073789 +/- 3.751842   5.8533 
a=0.936241610738255
H2.dmc  series 8  -31.568383 +/- 0.036667   197.180107 +/- 3.530208   6.2461 
a=0.9429530201342282
H2.dmc  series 8  -31.545270 +/- 0.039285   192.971901 +/- 2.302303   6.1173 
a=0.9496644295302014
H2.dmc  series 8  -31.487691 +/- 0.039613   191.678651 +/- 2.736050   6.0874 
a=0.9563758389261745
H2.dmc  series 8  -31.446349 +/- 0.047935   191.693931 +/- 4.203100   6.0959 
a=0.9630872483221476
H2.dmc  series 8  -31.413958 +/- 0.041645   191.437144 +/- 3.480573   6.0940 
a=0.9697986577181208
H2.dmc  series 8  -31.401005 +/- 0.039342   189.977985 +/- 2.799551   6.0501 
a=0.9765100671140939
H2.dmc  series 8  -31.344781 +/- 0.044978   188.860800 +/- 3.349158   6.0253 
a=0.9832214765100671
H2.dmc  series 8  -31.359012 +/- 0.037613   193.705754 +/- 2.830144   6.1770 
a=0.9899328859060403
H2.dmc  series 8  -31.328627 +/- 0.042414   189.582548 +/- 2.566961   6.0514 
a=0.9966442953020134
H2.dmc  series 8  -31.205681 +/- 0.046529   177.412761 +/- 3.228914   5.6853 
a=1.0033557046979866
H2.dmc  series 8  -31.171900 +/- 0.043975   178.349620 +/- 3.085678   5.7215 
a=1.0100671140939599
H2.dmc  series 8  -31.211521 +/- 0.038671   180.333266 +/- 3.860472   5.7778 
a=1.016778523489933
H2.dmc  series 8  -31.190967 +/- 0.042126   183.784594 +/- 3.237154   5.8922 
a=1.023489932885906
H2.dmc  series 8  -31.117136 +/- 0.051133   180.701236 +/- 3.022128   5.8071 
a=1.0302013422818792
H2.dmc  series 8  -31.061031 +/- 0.040143   175.877112 +/- 2.756854   5.6623 
a=1.0369127516778525
H2.dmc  series 8  -31.123795 +/- 0.049062   178.377021 +/- 2.478772   5.7312 
a=1.0436241610738255
H2.dmc  series 8  -31.040342 +/- 0.035864   176.272825 +/- 2.996622   5.6788 
a=1.0503355704697985
H2.dmc  series 8  -30.984594 +/- 0.032355   173.916994 +/- 2.518419   5.6130 
a=1.0570469798657718
H2.dmc  series 8  -30.998135 +/- 0.034631   175.424674 +/- 2.562304   5.6592 
a=1.063758389261745
H2.dmc  series 8  -30.974585 +/- 0.049105   176.173199 +/- 3.344941   5.6877 
a=1.070469798657718
H2.dmc  series 8  -30.967590 +/- 0.049204   175.866964 +/- 2.731429   5.6791 
a=1.077181208053691
H2.dmc  series 8  -30.834015 +/- 0.044819   175.858237 +/- 3.685720   5.7034 
a=1.0838926174496644
H2.dmc  series 8  -30.845139 +/- 0.035039   172.923306 +/- 3.424057   5.6062 
a=1.0906040268456376
H2.dmc  series 8  -30.688712 +/- 0.036320   168.180087 +/- 2.902173   5.4802 
a=1.0973154362416109
H2.dmc  series 8  -30.774694 +/- 0.050713   173.986329 +/- 3.044753   5.6536 
a=1.104026845637584
H2.dmc  series 8  -30.722627 +/- 0.041186   172.875180 +/- 3.611386   5.6270 
a=1.110738255033557
H2.dmc  series 8  -30.782245 +/- 0.051622   171.262539 +/- 3.456441   5.5637 
a=1.1174496644295302
H2.dmc  series 8  -30.663064 +/- 0.038440   170.043989 +/- 3.160980   5.5456 
a=1.1241610738255035
H2.dmc  series 8  -30.697957 +/- 0.046039   168.735391 +/- 3.292291   5.4966 
a=1.1308724832214765
H2.dmc  series 8  -30.668502 +/- 0.033362   170.169818 +/- 3.045468   5.5487 
a=1.1375838926174495
H2.dmc  series 8  -30.593481 +/- 0.032752   166.037177 +/- 2.727974   5.4272 
a=1.1442953020134228
H2.dmc  series 8  -30.509398 +/- 0.047624   160.900643 +/- 2.950369   5.2738 
a=1.151006711409396
H2.dmc  series 8  -30.565777 +/- 0.071664   170.009370 +/- 2.851766   5.5621 
a=1.157718120805369
H2.dmc  series 8  -30.448832 +/- 0.043999   167.841801 +/- 2.924166   5.5123 
a=1.1644295302013423
H2.dmc  series 8  -30.502616 +/- 0.042332   173.266077 +/- 3.662257   5.6804 
a=1.1711409395973154
H2.dmc  series 8  -30.434332 +/- 0.035852   168.774146 +/- 2.775265   5.5455 
a=1.1778523489932886
H2.dmc  series 8  -30.465536 +/- 0.035443   168.968575 +/- 2.696947   5.5462 
a=1.1845637583892619
H2.dmc  series 8  -30.380337 +/- 0.038165   162.043323 +/- 3.718221   5.3338 
a=1.191275167785235
H2.dmc  series 8  -30.256957 +/- 0.042090   157.389511 +/- 2.997128   5.2018 
a=1.197986577181208
H2.dmc  series 8  -30.361086 +/- 0.042047   164.579689 +/- 2.652460   5.4207 
a=1.2046979865771812
H2.dmc  series 8  -30.296939 +/- 0.032881   165.930786 +/- 2.624586   5.4768 
a=1.2114093959731544
H2.dmc  series 8  -30.294432 +/- 0.040323   169.372157 +/- 2.642894   5.5909 
a=1.2181208053691275
H2.dmc  series 8  -30.217365 +/- 0.033019   165.023083 +/- 2.860660   5.4612 
a=1.2248322147651005
H2.dmc  series 8  -30.244477 +/- 0.036647   164.394864 +/- 2.847116   5.4355 
a=1.2315436241610738
H2.dmc  series 8  -30.195855 +/- 0.043392   160.019338 +/- 2.970953   5.2994 
a=1.238255033557047
H2.dmc  series 8  -30.091435 +/- 0.041317   156.461972 +/- 2.060410   5.1996 
a=1.2449664429530203
H2.dmc  series 8  -30.139433 +/- 0.039113   159.412137 +/- 2.356004   5.2892 
a=1.2516778523489933
H2.dmc  series 8  -30.072048 +/- 0.041380   156.994772 +/- 2.537808   5.2206 
a=1.2583892617449663
H2.dmc  series 8  -30.017698 +/- 0.040183   160.579792 +/- 3.069622   5.3495 
a=1.2651006711409396
H2.dmc  series 8  -29.992521 +/- 0.037814   154.721045 +/- 2.571642   5.1587 
a=1.2718120805369129
H2.dmc  series 8  -29.999010 +/- 0.038119   163.099749 +/- 2.545032   5.4368 
a=1.278523489932886
H2.dmc  series 8  -29.975926 +/- 0.036357   162.118677 +/- 2.325743   5.4083 
a=1.285234899328859
H2.dmc  series 8  -29.952592 +/- 0.059444   160.792468 +/- 2.597260   5.3682 
a=1.2919463087248322
H2.dmc  series 8  -29.876571 +/- 0.041120   157.380906 +/- 2.472804   5.2677 
a=1.2986577181208054
H2.dmc  series 8  -29.865543 +/- 0.036279   161.475077 +/- 2.603444   5.4067 
a=1.3053691275167785
H2.dmc  series 8  -29.745731 +/- 0.038312   157.648682 +/- 2.644560   5.2999 
a=1.3120805369127515
H2.dmc  series 8  -29.783558 +/- 0.036313   158.434475 +/- 3.260615   5.3195 
a=1.3187919463087248
H2.dmc  series 8  -29.730347 +/- 0.033991   154.845912 +/- 2.232330   5.2083 
a=1.325503355704698
H2.dmc  series 8  -29.717438 +/- 0.038817   152.462782 +/- 2.051597   5.1304 
a=1.3322147651006713
H2.dmc  series 8  -29.773161 +/- 0.032357   156.287756 +/- 3.261567   5.2493 
a=1.3389261744966443
H2.dmc  series 8  -29.700523 +/- 0.039939   158.210678 +/- 2.589917   5.3269 
a=1.3456375838926173
H2.dmc  series 8  -29.687390 +/- 0.041937   157.280892 +/- 3.161416   5.2979 
a=1.3523489932885906
H2.dmc  series 8  -29.651828 +/- 0.047678   153.158610 +/- 3.165527   5.1652 
a=1.3590604026845639
H2.dmc  series 8  -29.696424 +/- 0.037064   159.126945 +/- 3.302193   5.3585 
a=1.3657718120805369
H2.dmc  series 8  -29.591471 +/- 0.042758   155.424545 +/- 2.916305   5.2523 
a=1.37248322147651
H2.dmc  series 8  -29.515650 +/- 0.034220   152.241831 +/- 2.678511   5.1580 
a=1.3791946308724832
H2.dmc  series 8  -29.506574 +/- 0.036898   152.298686 +/- 2.872507   5.1615 
a=1.3859060402684564
H2.dmc  series 8  -29.495460 +/- 0.037655   158.124725 +/- 3.054508   5.3610 
a=1.3926174496644295
H2.dmc  series 8  -29.494736 +/- 0.036666   154.116647 +/- 2.197906   5.2252 
a=1.3993288590604027
H2.dmc  series 8  -29.443206 +/- 0.043921   154.321449 +/- 3.534254   5.2413 
a=1.4060402684563758
H2.dmc  series 8  -29.499630 +/- 0.046513   155.315791 +/- 2.969669   5.2650 
a=1.412751677852349
H2.dmc  series 8  -29.449723 +/- 0.062707   153.184972 +/- 2.901571   5.2016 
a=1.4194630872483223
H2.dmc  series 8  -29.399083 +/- 0.035613   151.319363 +/- 3.626091   5.1471 
a=1.4261744966442953
H2.dmc  series 8  -29.331721 +/- 0.035990   152.073124 +/- 2.835997   5.1846 
a=1.4328859060402683
H2.dmc  series 8  -29.345349 +/- 0.034364   156.271804 +/- 2.520456   5.3253 
a=1.4395973154362416
H2.dmc  series 8  -29.309348 +/- 0.035185   154.232216 +/- 2.554603   5.2622 
a=1.4463087248322148
H2.dmc  series 8  -29.252772 +/- 0.035119   150.107611 +/- 2.254259   5.1314 
a=1.4530201342281879
H2.dmc  series 8  -29.325809 +/- 0.041558   156.578421 +/- 3.986366   5.3393 
a=1.459731543624161
H2.dmc  series 8  -29.255700 +/- 0.054486   157.203096 +/- 2.998305   5.3734 
a=1.4664429530201342
H2.dmc  series 8  -29.283381 +/- 0.038601   157.168571 +/- 2.908447   5.3672 
a=1.4731543624161074
H2.dmc  series 8  -29.226158 +/- 0.041825   154.551536 +/- 4.451191   5.2881 
a=1.4798657718120807
H2.dmc  series 8  -29.135589 +/- 0.058864   154.338711 +/- 3.042705   5.2973 
a=1.4865771812080537
H2.dmc  series 8  -29.119714 +/- 0.038867   147.673769 +/- 2.886329   5.0713 
a=1.4932885906040267
H2.dmc  series 8  -29.114970 +/- 0.036805   151.577970 +/- 2.553140   5.2062 
a=1.5
H2.dmc  series 8  -29.053782 +/- 0.051024   156.895217 +/- 2.595290   5.4002 
