2018-08-29 09:38:39.332867
====================== 
- Frame 0 Time 0.0 
H,2.469,2.501,2.504,-3.093,0.078,0.417,-2.432,0.232,-1.146
H,4.484,2.495,2.491,-1.573,-0.491,-0.908,1.252,1.333,-0.083
====================== 
- Frame 1 Time 0.1 
H,2.431,2.511,2.505,-0.695,0.929,-0.326,0.978,0.573,-0.674
H,4.465,2.471,2.477,-0.402,-1.878,-0.511,0.4,-1.592,-0.284
====================== 
- Frame 2 Time 0.2 
H,2.388,2.519,2.488,-0.515,-0.178,-1.825,0.977,0.177,-0.011
H,4.451,2.438,2.466,0.645,-0.976,0.36,0.101,-0.274,0.605
====================== 
- Frame 3 Time 0.3 
H,2.338,2.528,2.475,-0.699,0.07,0.426,0.553,0.889,0.826
H,4.44,2.388,2.462,0.221,-1.635,0.63,1.123,-2.35,-1.393
====================== 
- Frame 4 Time 0.4 
H,2.298,2.547,2.461,1.002,1.019,-0.042,1.805,0.105,-1.111
H,4.433,2.356,2.457,0.439,1.778,-0.022,-0.661,-1.262,0.909
====================== 
- Frame 5 Time 0.5 
H,2.247,2.574,2.452,-1.133,0.75,0.387,0.126,-0.101,0.482
H,4.443,2.324,2.446,1.66,0.015,-0.63,0.189,-0.147,0.048
====================== 
- Frame 6 Time 0.6 
H,2.21,2.607,2.433,1.474,0.627,-0.92,-0.983,-0.472,0.411
H,4.453,2.29,2.415,0.008,-0.195,-2.069,-0.548,0.362,1.382
====================== 
- Frame 7 Time 0.7 
H,2.167,2.637,2.419,-0.711,-0.262,0.508,-0.02,0.834,0.668
H,4.461,2.258,2.367,-0.263,0.154,-1.63,1.079,1.171,-0.395
====================== 
- Frame 8 Time 0.8 
H,2.109,2.649,2.408,-1.362,-1.859,0.283,0.571,-0.308,0.932
H,4.495,2.212,2.315,2.724,-1.36,-0.401,1.307,0.184,0.545
====================== 
- Frame 9 Time 0.9 
H,2.045,2.655,2.394,-0.654,-0.564,-0.278,-1.908,-1.808,-0.772
H,4.534,2.163,2.278,0.427,-0.311,1.411,0.804,-0.12,-1.684
